03:34:04 AM 0 58375 0.19 0.00 829656 59104 0.59 python3
03:34:06 AM 0 58375 0.32 0.00 882168 111372 1.11 python3
03:34:08 AM 0 58375 0.56 0.00 932808 161968 1.61 python3
03:34:10 AM 0 58375 0.57 0.00 936904 166188 1.65 python3
03:34:12 AM 0 58375 0.59 0.00 943308 172340 1.71 python3
03:34:14 AM 0 58375 0.59 0.00 944844 173876 1.73 python3
03:34:16 AM 0 58375 0.62 0.00 950988 180020 1.79 python3
03:34:18 AM 0 58375 0.62 0.00 952012 181044 1.80 python3
03:34:20 AM 0 58375 0.62 0.00 952268 181300 1.80 python3
03:34:22 AM 0 58375 0.62 0.00 952268 181300 1.80 python3
03:34:24 AM 0 58375 0.62 0.00 952524 181556 1.81 python3
03:34:26 AM 0 58375 0.62 0.00 952524 181556 1.81 python3
03:34:28 AM 0 58375 0.63 0.00 953292 182324 1.81 python3
03:34:30 AM 0 58375 0.63 0.00 954316 183348 1.82 python3
03:34:32 AM 0 58375 0.69 0.00 909212 138740 1.38 python3
03:34:34 AM 0 58375 0.82 0.00 933236 161328 1.60 python3
03:34:36 AM 0 58375 0.94 0.00 942952 171484 1.71 python3
03:34:38 AM 0 58375 0.98 0.00 919912 148396 1.48 python3
03:34:40 AM 0 58375 1.17 0.00 997480 226008 2.25 python3
03:34:42 AM 0 58375 1.32 0.00 1034344 262584 2.61 python3
03:34:44 AM 0 58375 1.32 0.00 1034344 262584 2.61 python3
03:34:46 AM 0 58375 1.32 0.00 1034344 262584 2.61 python3
03:34:48 AM 0 58375 1.50 0.00 1107304 335440 3.34 python3
03:34:50 AM 0 58375 1.58 0.00 1040744 269652 2.68 python3
03:34:52 AM 0 58375 1.58 0.00 1040744 269652 2.68 python3
03:34:54 AM 0 58375 1.58 0.00 1040744 269652 2.68 python3
03:34:56 AM 0 58375 1.58 0.00 1040744 269652 2.68 python3
03:34:58 AM 0 58375 1.58 0.00 1040744 269652 2.68 python3
03:35:00 AM 0 58375 1.58 0.00 1040744 269652 2.68 python3
03:35:02 AM 0 58375 1.58 0.00 1040744 269652 2.68 python3
03:35:05 AM 0 58375 1.58 0.00 1040744 269652 2.68 python3
03:35:07 AM 0 58375 1.58 0.00 1040744 269652 2.68 python3
03:35:09 AM 0 58375 1.58 0.00 1040744 269652 2.68 python3
03:35:11 AM 0 58375 1.58 0.00 1040744 269652 2.68 python3
03:35:13 AM 0 58375 1.58 0.00 1040744 269652 2.68 python3
03:35:15 AM 0 58375 1.58 0.00 1040744 269652 2.68 python3
03:35:17 AM 0 58375 1.58 0.00 1040744 269652 2.68 python3
03:35:19 AM 0 58375 1.58 0.00 1040744 269652 2.68 python3
03:35:21 AM 0 58375 1.68 0.00 1061224 290184 2.89 python3
03:35:23 AM 0 58375 1.68 0.00 1061224 290184 2.89 python3
03:35:25 AM 0 58375 1.68 0.00 1061224 290184 2.89 python3
03:35:27 AM 0 58375 1.68 0.00 1061224 290184 2.89 python3
03:35:29 AM 0 58375 1.68 0.00 1061224 290184 2.89 python3
03:35:31 AM 0 58375 1.68 0.00 1061224 290184 2.89 python3
03:35:33 AM 0 58375 1.79 0.00 1107040 334792 3.33 python3
03:35:35 AM 0 58375 1.85 0.00 1069744 294064 2.92 python3
03:35:37 AM 0 58375 1.85 0.00 1069744 294064 2.92 python3
03:35:39 AM 0 58375 1.85 0.00 1069744 294064 2.92 python3
03:35:41 AM 0 58375 1.85 0.00 1069744 294064 2.92 python3
03:35:43 AM 0 58375 1.85 0.00 1069744 294064 2.92 python3
03:35:45 AM 0 58375 1.85 0.00 1069744 294064 2.92 python3
03:35:47 AM 0 58375 1.85 0.00 1069744 294064 2.92 python3
03:35:49 AM 0 58375 1.85 0.00 1069744 294064 2.92 python3
03:35:51 AM 0 58375 1.85 0.00 1069744 294064 2.92 python3
03:35:53 AM 0 58375 1.92 0.00 1049264 273420 2.72 python3
03:35:55 AM 0 58375 1.92 0.00 1049264 273420 2.72 python3
03:35:57 AM 0 58375 2.11 0.00 1097904 322288 3.21 python3
03:35:59 AM 0 58375 2.11 0.00 1097904 322288 3.21 python3
03:36:01 AM 0 58375 2.11 0.00 1097904 322288 3.21 python3
03:36:03 AM 0 58375 2.11 0.00 1097904 322288 3.21 python3
03:36:05 AM 0 58375 2.11 0.00 1097904 322288 3.21 python3
03:36:07 AM 0 58375 2.25 0.00 1092784 319156 3.17 python3
03:36:10 AM 0 58375 2.25 0.00 1092784 319156 3.17 python3
03:36:12 AM 0 58375 2.25 0.00 1092784 319156 3.17 python3
03:36:14 AM 0 58375 2.25 0.00 1092784 319156 3.17 python3
03:36:16 AM 0 58375 2.25 0.00 1092784 319156 3.17 python3
03:36:18 AM 0 58375 2.25 0.00 1092784 319156 3.17 python3
03:36:20 AM 0 58375 2.25 0.00 1092784 319156 3.17 python3
03:36:22 AM 0 58375 2.25 0.00 1092784 319156 3.17 python3
03:36:24 AM 0 58375 2.25 0.00 1092784 319156 3.17 python3
03:36:26 AM 0 58375 2.25 0.00 1092784 319156 3.17 python3
03:36:28 AM 0 58375 2.25 0.00 1092784 319156 3.17 python3
03:36:30 AM 0 58375 2.25 0.00 1092784 319156 3.17 python3
03:36:32 AM 0 58375 2.25 0.00 1092784 319156 3.17 python3
03:36:34 AM 0 58375 2.25 0.00 1092784 319156 3.17 python3
03:36:36 AM 0 58375 2.33 0.00 1125040 351092 3.49 python3
03:36:38 AM 0 58375 2.36 0.00 1114032 340344 3.38 python3
03:36:40 AM 0 58375 2.36 0.00 1114032 340344 3.38 python3
03:36:42 AM 0 58375 2.36 0.00 1114032 340344 3.38 python3
03:36:44 AM 0 58375 2.36 0.00 1114032 340344 3.38 python3
03:36:46 AM 0 58375 2.37 0.00 1117360 343764 3.42 python3
03:36:48 AM 0 58375 2.45 0.00 1110192 336584 3.35 python3
03:36:50 AM 0 58375 2.45 0.00 1110192 336584 3.35 python3
03:36:52 AM 0 58375 2.45 0.00 1110192 336584 3.35 python3
03:36:54 AM 0 58375 2.45 0.00 1110192 336584 3.35 python3
03:36:56 AM 0 58375 2.45 0.00 1110192 336584 3.35 python3
03:36:58 AM 0 58375 2.59 0.00 1168048 396056 3.94 python3
03:37:00 AM 0 58375 2.62 0.00 1142960 372020 3.70 python3
03:37:02 AM 0 58375 2.62 0.00 1142960 372020 3.70 python3
03:37:04 AM 0 58375 2.62 0.00 1142960 372020 3.70 python3
03:37:06 AM 0 58375 2.71 0.00 1121968 351040 3.49 python3
03:37:08 AM 0 58375 2.71 0.00 1121968 351040 3.49 python3
03:37:10 AM 0 58375 2.71 0.00 1121968 351040 3.49 python3
03:37:12 AM 0 58375 2.71 0.00 1121968 351040 3.49 python3
03:37:14 AM 0 58375 2.81 0.00 1128112 357092 3.55 python3
03:37:16 AM 0 58375 2.81 0.00 1128112 357092 3.55 python3
03:37:18 AM 0 58375 2.81 0.00 1128112 357092 3.55 python3
03:37:20 AM 0 58375 2.85 0.00 1147824 376624 3.75 python3
03:37:22 AM 0 58375 2.90 0.00 1128880 357832 3.56 python3
03:37:24 AM 0 58375 2.90 0.00 1128880 357832 3.56 python3
03:37:26 AM 0 58375 2.90 0.00 1128880 357832 3.56 python3
03:37:29 AM 0 58375 2.90 0.00 1128880 357832 3.56 python3
03:37:31 AM 0 58375 2.90 0.00 1128880 357832 3.56 python3
03:37:33 AM 0 58375 2.98 0.00 1161648 390564 3.88 python3
03:37:35 AM 0 58375 2.99 0.00 1134256 363208 3.61 python3
03:37:37 AM 0 58375 2.99 0.00 1134256 363208 3.61 python3
03:37:39 AM 0 58375 2.99 0.00 1134256 363208 3.61 python3
03:37:41 AM 0 58375 2.99 0.00 1134256 363208 3.61 python3
03:37:43 AM 0 58375 3.14 0.00 1158064 387244 3.85 python3
03:37:45 AM 0 58375 3.14 0.00 1158064 387244 3.85 python3
03:37:47 AM 0 58375 3.14 0.00 1158064 387244 3.85 python3
03:37:49 AM 0 58375 3.23 0.00 1195696 424460 4.22 python3
03:37:51 AM 0 58375 3.27 0.00 1157552 386372 3.84 python3
03:37:53 AM 0 58375 3.32 0.00 1138864 368052 3.66 python3
03:37:55 AM 0 58375 3.41 0.00 1144240 373240 3.71 python3
03:37:57 AM 0 58375 3.46 0.00 1161904 390840 3.89 python3
03:37:59 AM 0 58375 3.55 0.00 1162928 392000 3.90 python3
03:38:01 AM 0 58375 3.64 0.00 1145520 374664 3.73 python3
03:38:03 AM 0 58375 3.72 0.00 1141936 370880 3.69 python3
03:38:05 AM 0 58375 3.80 0.00 1176496 405460 4.03 python3
03:38:07 AM 0 58375 3.81 0.00 1149872 378752 3.77 python3
03:38:09 AM 0 58375 3.88 0.00 1142448 371556 3.70 python3
03:38:11 AM 0 58375 4.02 0.00 1169328 398492 3.96 python3
03:38:13 AM 0 58375 4.08 0.00 1195952 424888 4.23 python3
03:38:15 AM 0 58375 4.15 0.00 1167280 396292 3.94 python3
03:38:17 AM 0 58375 4.15 0.00 1167280 396292 3.94 python3
03:38:19 AM 0 58375 4.15 0.00 1167280 396292 3.94 python3
03:38:21 AM 0 58375 4.15 0.00 1167280 396292 3.94 python3
03:38:23 AM 0 58375 4.15 0.00 1167280 396292 3.94 python3
03:38:25 AM 0 58375 4.22 0.00 1198256 427168 4.25 python3
03:38:27 AM 0 58375 4.35 0.00 1202864 431860 4.30 python3
03:38:29 AM 0 58375 4.35 0.00 1202864 431860 4.30 python3
03:38:31 AM 0 58375 4.35 0.00 1202864 431860 4.30 python3
03:38:33 AM 0 58375 4.46 0.00 1003436 232628 2.31 python3
03:38:35 AM 0 58375 4.87 0.00 976556 205556 2.04 python3
03:38:37 AM 0 58375 4.88 0.00 976556 205556 2.04 python3
03:38:39 AM 0 58375 4.88 0.00 976556 205556 2.04 python3
03:38:41 AM 0 58375 4.90 0.00 976556 205748 2.05 python3
03:38:43 AM 0 58375 4.92 0.00 983312 212648 2.11 python3
03:38:45 AM 0 58375 4.92 0.00 983312 212648 2.11 python3
03:38:47 AM 0 58375 4.92 0.00 983312 212648 2.11 python3
03:38:49 AM 0 58375 4.92 0.00 983312 212648 2.11 python3
03:38:51 AM 0 58375 4.92 0.00 983312 212648 2.11 python3
03:38:53 AM 0 58375 4.92 0.00 983312 212648 2.11 python3
03:38:56 AM 0 58375 4.92 0.00 983312 212648 2.11 python3
03:38:58 AM 0 58375 4.92 0.00 983312 212900 2.12 python3
03:39:00 AM 0 58375 5.03 0.00 984080 213556 2.12 python3
03:39:02 AM 0 58375 5.03 0.00 984080 213556 2.12 python3
03:39:04 AM 0 58375 5.04 0.00 943376 172788 1.72 python3
03:39:06 AM 0 58375 5.04 0.00 937744 167332 1.66 python3
03:39:08 AM 0 58375 5.06 0.00 946448 175680 1.75 python3
03:39:10 AM 0 58375 5.16 0.00 979472 208880 2.08 python3
03:39:12 AM 0 58375 5.18 0.00 947984 177440 1.76 python3
03:39:14 AM 0 58375 5.28 0.00 979728 209232 2.08 python3
03:39:16 AM 0 58375 5.30 0.00 949520 179024 1.78 python3
03:39:18 AM 0 58375 5.35 0.00 970000 199344 1.98 python3
03:39:20 AM 0 58375 5.35 0.00 970000 199344 1.98 python3
03:39:22 AM 0 58375 5.35 0.00 970000 199344 1.98 python3
03:39:24 AM 0 58375 5.35 0.00 970000 199344 1.98 python3
03:39:26 AM 0 58375 5.42 0.00 1000976 230472 2.29 python3
03:39:28 AM 0 58375 5.49 0.00 981264 210596 2.09 python3
03:39:31 AM 0 58375 5.59 0.00 987920 217384 2.16 python3
03:39:33 AM 0 58375 5.73 0.00 1021712 251144 2.50 python3
03:39:35 AM 0 58375 5.84 0.00 1011984 241428 2.40 python3
03:39:37 AM 0 58375 5.92 0.00 999696 229180 2.28 python3
03:39:39 AM 0 58375 6.03 0.00 1013264 242748 2.41 python3
03:39:41 AM 0 58375 6.10 0.00 1000464 229956 2.29 python3
03:39:43 AM 0 58375 6.21 0.00 1017616 246892 2.46 python3
03:39:45 AM 0 58375 6.32 0.00 1038864 267964 2.67 python3
03:39:47 AM 0 58375 6.42 0.00 1050896 280164 2.79 python3
03:39:49 AM 0 58375 6.51 0.00 992528 222040 2.21 python3
03:39:51 AM 0 58375 6.63 0.00 1024272 253788 2.52 python3
03:39:53 AM 0 58375 6.68 0.00 897384 127100 1.26 python3
03:39:55 AM 0 58375 6.87 0.00 906576 134420 1.34 python3
03:39:57 AM 0 58375 6.87 0.00 906064 134180 1.33 python3
03:39:59 AM 0 58375 6.94 0.00 933520 160944 1.60 python3
03:40:01 AM 0 58375 6.94 0.00 909968 137408 1.37 python3
03:40:03 AM 0 58375 6.94 0.00 912016 139252 1.38 python3
03:40:05 AM 0 58375 7.00 0.00 933776 163096 1.62 python3
03:40:07 AM 0 58375 7.01 0.00 934800 163884 1.63 python3
03:40:09 AM 0 58375 7.01 0.00 913296 142736 1.42 python3
03:40:11 AM 0 58375 7.07 0.00 934800 164100 1.63 python3
03:40:13 AM 0 58375 7.08 0.00 922464 148092 1.47 python3
03:40:15 AM 0 58375 7.08 0.00 922464 148092 1.47 python3
03:40:17 AM 0 58375 7.21 0.00 975448 198124 1.97 python3
03:40:19 AM 0 58375 7.21 0.00 975448 198124 1.97 python3
03:40:21 AM 0 58375 7.22 0.00 932952 155756 1.55 python3
03:40:23 AM 0 58375 7.25 0.00 945752 168420 1.68 python3
03:40:25 AM 0 58375 7.27 0.00 953688 176464 1.76 python3
03:40:27 AM 0 58375 7.28 0.00 934488 157300 1.56 python3
03:40:29 AM 0 58375 7.34 0.00 954200 177056 1.76 python3
03:40:31 AM 0 58375 7.35 0.00 934744 157600 1.57 python3
03:40:33 AM 0 58375 7.40 0.00 954456 177312 1.76 python3
03:40:35 AM 0 58375 7.45 0.00 951128 173956 1.73 python3
03:40:37 AM 0 58375 7.52 0.00 979800 202548 2.01 python3
03:40:39 AM 0 58375 7.58 0.00 954968 177924 1.77 python3
03:40:41 AM 0 58375 7.71 0.00 926552 149388 1.49 python3
03:40:43 AM 0 58375 7.83 0.00 943960 166860 1.66 python3
03:40:45 AM 0 58375 7.83 0.00 921688 144720 1.44 python3
03:40:47 AM 0 58375 7.89 0.00 940888 163876 1.63 python3
03:40:49 AM 0 58375 7.89 0.00 923480 146544 1.46 python3
03:40:51 AM 0 58375 7.90 0.00 929112 152068 1.51 python3
03:40:53 AM 0 58375 7.90 0.00 923992 146800 1.46 python3
03:40:56 AM 0 58375 8.14 0.00 907352 130192 1.29 python3
03:40:58 AM 0 58375 8.32 0.00 898392 121308 1.21 python3
03:41:00 AM 0 58375 8.44 0.00 919128 142012 1.41 python3
03:41:02 AM 0 58375 8.69 0.00 1013848 236580 2.35 python3
03:41:04 AM 0 58375 8.70 0.00 874072 97064 0.97 python3
03:41:06 AM 0 58375 8.92 0.00 965464 188128 1.87 python3
03:41:08 AM 0 58375 9.10 0.00 1006680 229584 2.28 python3
03:41:10 AM 0 58375 9.11 0.00 877400 100284 1.00 python3
03:41:12 AM 0 58375 9.20 0.00 879704 102408 1.02 python3
03:41:14 AM 0 58375 9.37 0.00 919384 142272 1.42 python3
03:41:16 AM 0 58375 9.48 0.00 889432 112176 1.12 python3
03:41:18 AM 0 58375 9.59 0.00 885592 108580 1.08 python3
03:41:20 AM 0 58375 9.66 0.00 874584 97600 0.97 python3
03:41:22 AM 0 58375 9.81 0.00 907352 130024 1.29 python3
03:41:24 AM 0 58375 9.92 0.00 876632 99500 0.99 python3
03:41:26 AM 0 58375 10.06 0.00 904024 126956 1.26 python3
03:41:28 AM 0 58375 10.17 0.00 888920 111644 1.11 python3
03:41:30 AM 0 58375 10.28 0.00 874584 97564 0.97 python3
03:41:32 AM 0 58375 10.42 0.00 904024 126944 1.26 python3
03:41:34 AM 0 58375 10.51 0.00 882008 104732 1.04 python3
03:41:36 AM 0 58375 10.67 0.00 917848 140684 1.40 python3
03:41:38 AM 0 58375 10.75 0.00 874328 97392 0.97 python3
03:41:40 AM 0 58375 10.89 0.00 904024 126956 1.26 python3
03:41:42 AM 0 58375 10.97 0.00 874584 97596 0.97 python3
03:41:44 AM 0 58375 11.11 0.00 904024 126944 1.26 python3
03:41:46 AM 0 58375 11.21 0.00 885080 107940 1.07 python3
03:41:48 AM 0 58375 11.32 0.00 904024 126940 1.26 python3
03:41:50 AM 0 58375 11.54 0.00 961624 184540 1.84 python3
03:41:52 AM 0 58375 11.65 0.00 920664 143580 1.43 python3
